<?xml version="1.0" encoding="UTF-8"?>
<!-- Generated by org.testng.reporters.JUnitXMLReporter -->
<testsuite ignored="0" hostname="DESKTOP-0UJMIG6" failures="0" tests="7" name="AllTest" time="8.647" errors="0" timestamp="2022-08-28T15:12:32 ICT">
  <testcase classname="com.juaracoding.restassured.TestCRUD" name="testDelete" time="0.021"/>
  <testcase classname="com.juaracoding.restassured.TestCRUD" name="testPatch" time="0.003"/>
  <testcase classname="com.juaracoding.restassured.TestCRUD" name="testPost" time="5.662"/>
  <testcase classname="com.juaracoding.restassured.TestCRUD" name="testPut" time="0.005"/>
  <testcase classname="com.juaracoding.restassured.TestGetAllUser" name="testIdOne" time="1.955"/>
  <testcase classname="com.juaracoding.restassured.TestGetAllUser" name="testIdTwo" time="0.302"/>
  <testcase classname="com.juaracoding.restassured.TestGetAllUser" name="testStatusCode" time="0.548"/>
</testsuite> <!-- AllTest -->
